c:\files\university\an 3\sem 1\ppd\project 1\server\server\x64\debug\vc143.pdb
c:\files\university\an 3\sem 1\ppd\project 1\server\server\x64\debug\vc143.idb
c:\files\university\an 3\sem 1\ppd\project 1\server\server\x64\debug\utils.obj
c:\files\university\an 3\sem 1\ppd\project 1\server\server\x64\debug\main.obj
c:\files\university\an 3\sem 1\ppd\project 1\server\server\x64\debug\server.obj
c:\files\university\an 3\sem 1\ppd\project 1\server\server\x64\debug\threadpool.obj
c:\files\university\an 3\sem 1\ppd\project 1\server\x64\debug\server.pdb
c:\files\university\an 3\sem 1\ppd\project 1\server\server\x64\debug\server.tlog\cl.command.1.tlog
c:\files\university\an 3\sem 1\ppd\project 1\server\server\x64\debug\server.tlog\cl.items.tlog
c:\files\university\an 3\sem 1\ppd\project 1\server\server\x64\debug\server.tlog\cl.read.1.tlog
c:\files\university\an 3\sem 1\ppd\project 1\server\server\x64\debug\server.tlog\cl.write.1.tlog
c:\files\university\an 3\sem 1\ppd\project 1\server\server\x64\debug\server.tlog\link-cvtres.read.1.tlog
c:\files\university\an 3\sem 1\ppd\project 1\server\server\x64\debug\server.tlog\link-cvtres.write.1.tlog
c:\files\university\an 3\sem 1\ppd\project 1\server\server\x64\debug\server.tlog\link-rc.read.1.tlog
c:\files\university\an 3\sem 1\ppd\project 1\server\server\x64\debug\server.tlog\link-rc.write.1.tlog
c:\files\university\an 3\sem 1\ppd\project 1\server\server\x64\debug\server.tlog\link.7528-cvtres.read.1.tlog
c:\files\university\an 3\sem 1\ppd\project 1\server\server\x64\debug\server.tlog\link.7528-cvtres.write.1.tlog
c:\files\university\an 3\sem 1\ppd\project 1\server\server\x64\debug\server.tlog\link.7528-rc.read.1.tlog
c:\files\university\an 3\sem 1\ppd\project 1\server\server\x64\debug\server.tlog\link.7528-rc.write.1.tlog
c:\files\university\an 3\sem 1\ppd\project 1\server\server\x64\debug\server.tlog\link.7528.read.1.tlog
c:\files\university\an 3\sem 1\ppd\project 1\server\server\x64\debug\server.tlog\link.7528.read.3.tlog
c:\files\university\an 3\sem 1\ppd\project 1\server\server\x64\debug\server.tlog\link.7528.write.1.tlog
c:\files\university\an 3\sem 1\ppd\project 1\server\server\x64\debug\server.tlog\link.command.1.tlog
c:\files\university\an 3\sem 1\ppd\project 1\server\server\x64\debug\server.tlog\link.read.1.tlog
c:\files\university\an 3\sem 1\ppd\project 1\server\server\x64\debug\server.tlog\link.read.3.tlog
c:\files\university\an 3\sem 1\ppd\project 1\server\server\x64\debug\server.tlog\link.write.1.tlog
